<?xml version="1.0" encoding="UTF-8"?>
<testsuite xmlns:xsi="http://www.w3.org/2001/XMLSchema-instance" xsi:noNamespaceSchemaLocation="https://maven.apache.org/surefire/maven-surefire-plugin/xsd/surefire-test-report.xsd" name="com.wesley.AppTest" time="0.008" tests="1" errors="0" skipped="0" failures="0">
  <properties>
    <property name="java.specification.version" value="18"/>
    <property name="sun.jnu.encoding" value="UTF-8"/>
    <property name="java.class.path" value="/Users/tianqiwei/Downloads/yeb/yeb-server/target/test-classes:/Users/tianqiwei/Downloads/yeb/yeb-server/target/classes:/Users/tianqiwei/.m2/repository/org/springframework/boot/spring-boot-starter-web/2.5.0/spring-boot-starter-web-2.5.0.jar:/Users/tianqiwei/.m2/repository/org/springframework/boot/spring-boot-starter/2.5.0/spring-boot-starter-2.5.0.jar:/Users/tianqiwei/.m2/repository/org/springframework/boot/spring-boot/2.5.0/spring-boot-2.5.0.jar:/Users/tianqiwei/.m2/repository/org/springframework/boot/spring-boot-starter-logging/2.5.0/spring-boot-starter-logging-2.5.0.jar:/Users/tianqiwei/.m2/repository/ch/qos/logback/logback-classic/1.2.3/logback-classic-1.2.3.jar:/Users/tianqiwei/.m2/repository/ch/qos/logback/logback-core/1.2.3/logback-core-1.2.3.jar:/Users/tianqiwei/.m2/repository/org/apache/logging/log4j/log4j-to-slf4j/2.14.1/log4j-to-slf4j-2.14.1.jar:/Users/tianqiwei/.m2/repository/org/apache/logging/log4j/log4j-api/2.14.1/log4j-api-2.14.1.jar:/Users/tianqiwei/.m2/repository/org/slf4j/jul-to-slf4j/1.7.30/jul-to-slf4j-1.7.30.jar:/Users/tianqiwei/.m2/repository/jakarta/annotation/jakarta.annotation-api/1.3.5/jakarta.annotation-api-1.3.5.jar:/Users/tianqiwei/.m2/repository/org/springframework/spring-core/5.3.7/spring-core-5.3.7.jar:/Users/tianqiwei/.m2/repository/org/springframework/spring-jcl/5.3.7/spring-jcl-5.3.7.jar:/Users/tianqiwei/.m2/repository/org/yaml/snakeyaml/1.28/snakeyaml-1.28.jar:/Users/tianqiwei/.m2/repository/org/springframework/boot/spring-boot-starter-json/2.5.0/spring-boot-starter-json-2.5.0.jar:/Users/tianqiwei/.m2/repository/com/fasterxml/jackson/datatype/jackson-datatype-jdk8/2.12.3/jackson-datatype-jdk8-2.12.3.jar:/Users/tianqiwei/.m2/repository/com/fasterxml/jackson/datatype/jackson-datatype-jsr310/2.12.3/jackson-datatype-jsr310-2.12.3.jar:/Users/tianqiwei/.m2/repository/com/fasterxml/jackson/module/jackson-module-parameter-names/2.12.3/jackson-module-parameter-names-2.12.3.jar:/Users/tianqiwei/.m2/repository/org/springframework/boot/spring-boot-starter-tomcat/2.5.0/spring-boot-starter-tomcat-2.5.0.jar:/Users/tianqiwei/.m2/repository/org/apache/tomcat/embed/tomcat-embed-core/9.0.46/tomcat-embed-core-9.0.46.jar:/Users/tianqiwei/.m2/repository/org/apache/tomcat/embed/tomcat-embed-el/9.0.46/tomcat-embed-el-9.0.46.jar:/Users/tianqiwei/.m2/repository/org/apache/tomcat/embed/tomcat-embed-websocket/9.0.46/tomcat-embed-websocket-9.0.46.jar:/Users/tianqiwei/.m2/repository/org/springframework/spring-web/5.3.7/spring-web-5.3.7.jar:/Users/tianqiwei/.m2/repository/org/springframework/spring-beans/5.3.7/spring-beans-5.3.7.jar:/Users/tianqiwei/.m2/repository/org/springframework/spring-webmvc/5.3.7/spring-webmvc-5.3.7.jar:/Users/tianqiwei/.m2/repository/org/springframework/spring-context/5.3.7/spring-context-5.3.7.jar:/Users/tianqiwei/.m2/repository/org/springframework/spring-expression/5.3.7/spring-expression-5.3.7.jar:/Users/tianqiwei/.m2/repository/com/mysql/mysql-connector-j/8.0.33/mysql-connector-j-8.0.33.jar:/Users/tianqiwei/.m2/repository/com/baomidou/mybatis-plus-boot-starter/3.4.2/mybatis-plus-boot-starter-3.4.2.jar:/Users/tianqiwei/.m2/repository/com/baomidou/mybatis-plus/3.4.2/mybatis-plus-3.4.2.jar:/Users/tianqiwei/.m2/repository/com/baomidou/mybatis-plus-extension/3.4.2/mybatis-plus-extension-3.4.2.jar:/Users/tianqiwei/.m2/repository/com/baomidou/mybatis-plus-core/3.4.2/mybatis-plus-core-3.4.2.jar:/Users/tianqiwei/.m2/repository/com/baomidou/mybatis-plus-annotation/3.4.2/mybatis-plus-annotation-3.4.2.jar:/Users/tianqiwei/.m2/repository/com/github/jsqlparser/jsqlparser/4.0/jsqlparser-4.0.jar:/Users/tianqiwei/.m2/repository/org/mybatis/mybatis/3.5.6/mybatis-3.5.6.jar:/Users/tianqiwei/.m2/repository/org/mybatis/mybatis-spring/2.0.5/mybatis-spring-2.0.5.jar:/Users/tianqiwei/.m2/repository/org/springframework/boot/spring-boot-autoconfigure/2.5.0/spring-boot-autoconfigure-2.5.0.jar:/Users/tianqiwei/.m2/repository/org/springframework/boot/spring-boot-starter-jdbc/2.5.0/spring-boot-starter-jdbc-2.5.0.jar:/Users/tianqiwei/.m2/repository/com/zaxxer/HikariCP/4.0.3/HikariCP-4.0.3.jar:/Users/tianqiwei/.m2/repository/org/springframework/spring-jdbc/5.3.7/spring-jdbc-5.3.7.jar:/Users/tianqiwei/.m2/repository/io/springfox/springfox-swagger2/3.0.0/springfox-swagger2-3.0.0.jar:/Users/tianqiwei/.m2/repository/io/springfox/springfox-spi/3.0.0/springfox-spi-3.0.0.jar:/Users/tianqiwei/.m2/repository/io/springfox/springfox-core/3.0.0/springfox-core-3.0.0.jar:/Users/tianqiwei/.m2/repository/net/bytebuddy/byte-buddy/1.10.22/byte-buddy-1.10.22.jar:/Users/tianqiwei/.m2/repository/io/springfox/springfox-schema/3.0.0/springfox-schema-3.0.0.jar:/Users/tianqiwei/.m2/repository/io/springfox/springfox-swagger-common/3.0.0/springfox-swagger-common-3.0.0.jar:/Users/tianqiwei/.m2/repository/io/swagger/core/v3/swagger-annotations/2.1.2/swagger-annotations-2.1.2.jar:/Users/tianqiwei/.m2/repository/io/springfox/springfox-spring-web/3.0.0/springfox-spring-web-3.0.0.jar:/Users/tianqiwei/.m2/repository/io/github/classgraph/classgraph/4.8.83/classgraph-4.8.83.jar:/Users/tianqiwei/.m2/repository/io/springfox/springfox-spring-webmvc/3.0.0/springfox-spring-webmvc-3.0.0.jar:/Users/tianqiwei/.m2/repository/io/springfox/springfox-spring-webflux/3.0.0/springfox-spring-webflux-3.0.0.jar:/Users/tianqiwei/.m2/repository/com/fasterxml/classmate/1.5.1/classmate-1.5.1.jar:/Users/tianqiwei/.m2/repository/org/slf4j/slf4j-api/1.7.30/slf4j-api-1.7.30.jar:/Users/tianqiwei/.m2/repository/org/springframework/plugin/spring-plugin-core/2.0.0.RELEASE/spring-plugin-core-2.0.0.RELEASE.jar:/Users/tianqiwei/.m2/repository/org/springframework/plugin/spring-plugin-metadata/2.0.0.RELEASE/spring-plugin-metadata-2.0.0.RELEASE.jar:/Users/tianqiwei/.m2/repository/io/swagger/swagger-annotations/1.5.20/swagger-annotations-1.5.20.jar:/Users/tianqiwei/.m2/repository/io/swagger/swagger-models/1.5.20/swagger-models-1.5.20.jar:/Users/tianqiwei/.m2/repository/com/fasterxml/jackson/core/jackson-annotations/2.12.3/jackson-annotations-2.12.3.jar:/Users/tianqiwei/.m2/repository/org/mapstruct/mapstruct/1.3.1.Final/mapstruct-1.3.1.Final.jar:/Users/tianqiwei/.m2/repository/io/springfox/springfox-boot-starter/3.0.0/springfox-boot-starter-3.0.0.jar:/Users/tianqiwei/.m2/repository/io/springfox/springfox-oas/3.0.0/springfox-oas-3.0.0.jar:/Users/tianqiwei/.m2/repository/io/swagger/core/v3/swagger-models/2.1.2/swagger-models-2.1.2.jar:/Users/tianqiwei/.m2/repository/io/springfox/springfox-data-rest/3.0.0/springfox-data-rest-3.0.0.jar:/Users/tianqiwei/.m2/repository/io/springfox/springfox-bean-validators/3.0.0/springfox-bean-validators-3.0.0.jar:/Users/tianqiwei/.m2/repository/io/springfox/springfox-swagger-ui/3.0.0/springfox-swagger-ui-3.0.0.jar:/Users/tianqiwei/.m2/repository/com/github/xiaoymin/swagger-bootstrap-ui/1.9.6/swagger-bootstrap-ui-1.9.6.jar:/Users/tianqiwei/.m2/repository/org/javassist/javassist/3.25.0-GA/javassist-3.25.0-GA.jar:/Users/tianqiwei/.m2/repository/org/springframework/boot/spring-boot-starter-security/2.5.0/spring-boot-starter-security-2.5.0.jar:/Users/tianqiwei/.m2/repository/org/springframework/spring-aop/5.3.7/spring-aop-5.3.7.jar:/Users/tianqiwei/.m2/repository/org/springframework/security/spring-security-config/5.5.0/spring-security-config-5.5.0.jar:/Users/tianqiwei/.m2/repository/org/springframework/security/spring-security-core/5.5.0/spring-security-core-5.5.0.jar:/Users/tianqiwei/.m2/repository/org/jetbrains/kotlin/kotlin-stdlib-jdk8/1.5.0/kotlin-stdlib-jdk8-1.5.0.jar:/Users/tianqiwei/.m2/repository/org/jetbrains/kotlin/kotlin-stdlib/1.5.0/kotlin-stdlib-1.5.0.jar:/Users/tianqiwei/.m2/repository/org/jetbrains/annotations/13.0/annotations-13.0.jar:/Users/tianqiwei/.m2/repository/org/jetbrains/kotlin/kotlin-stdlib-common/1.5.0/kotlin-stdlib-common-1.5.0.jar:/Users/tianqiwei/.m2/repository/org/jetbrains/kotlin/kotlin-stdlib-jdk7/1.5.0/kotlin-stdlib-jdk7-1.5.0.jar:/Users/tianqiwei/.m2/repository/org/springframework/security/spring-security-web/5.5.0/spring-security-web-5.5.0.jar:/Users/tianqiwei/.m2/repository/io/jsonwebtoken/jjwt/0.9.0/jjwt-0.9.0.jar:/Users/tianqiwei/.m2/repository/com/fasterxml/jackson/core/jackson-databind/2.12.3/jackson-databind-2.12.3.jar:/Users/tianqiwei/.m2/repository/com/fasterxml/jackson/core/jackson-core/2.12.3/jackson-core-2.12.3.jar:/Users/tianqiwei/.m2/repository/com/github/axet/kaptcha/0.0.9/kaptcha-0.0.9.jar:/Users/tianqiwei/.m2/repository/com/jhlabs/filters/2.0.235/filters-2.0.235.jar:/Users/tianqiwei/.m2/repository/org/springframework/boot/spring-boot-starter-data-redis/2.5.0/spring-boot-starter-data-redis-2.5.0.jar:/Users/tianqiwei/.m2/repository/org/springframework/data/spring-data-redis/2.5.1/spring-data-redis-2.5.1.jar:/Users/tianqiwei/.m2/repository/org/springframework/data/spring-data-keyvalue/2.5.1/spring-data-keyvalue-2.5.1.jar:/Users/tianqiwei/.m2/repository/org/springframework/data/spring-data-commons/2.5.1/spring-data-commons-2.5.1.jar:/Users/tianqiwei/.m2/repository/org/springframework/spring-tx/5.3.7/spring-tx-5.3.7.jar:/Users/tianqiwei/.m2/repository/org/springframework/spring-oxm/5.3.7/spring-oxm-5.3.7.jar:/Users/tianqiwei/.m2/repository/org/springframework/spring-context-support/5.3.7/spring-context-support-5.3.7.jar:/Users/tianqiwei/.m2/repository/io/lettuce/lettuce-core/6.1.2.RELEASE/lettuce-core-6.1.2.RELEASE.jar:/Users/tianqiwei/.m2/repository/io/netty/netty-common/4.1.65.Final/netty-common-4.1.65.Final.jar:/Users/tianqiwei/.m2/repository/io/netty/netty-handler/4.1.65.Final/netty-handler-4.1.65.Final.jar:/Users/tianqiwei/.m2/repository/io/netty/netty-resolver/4.1.65.Final/netty-resolver-4.1.65.Final.jar:/Users/tianqiwei/.m2/repository/io/netty/netty-buffer/4.1.65.Final/netty-buffer-4.1.65.Final.jar:/Users/tianqiwei/.m2/repository/io/netty/netty-codec/4.1.65.Final/netty-codec-4.1.65.Final.jar:/Users/tianqiwei/.m2/repository/io/netty/netty-transport/4.1.65.Final/netty-transport-4.1.65.Final.jar:/Users/tianqiwei/.m2/repository/io/projectreactor/reactor-core/3.4.6/reactor-core-3.4.6.jar:/Users/tianqiwei/.m2/repository/org/reactivestreams/reactive-streams/1.0.3/reactive-streams-1.0.3.jar:/Users/tianqiwei/.m2/repository/org/apache/commons/commons-pool2/2.9.0/commons-pool2-2.9.0.jar:/Users/tianqiwei/.m2/repository/cn/afterturn/easypoi-spring-boot-starter/4.4.0/easypoi-spring-boot-starter-4.4.0.jar:/Users/tianqiwei/.m2/repository/cn/afterturn/easypoi-web/4.4.0/easypoi-web-4.4.0.jar:/Users/tianqiwei/.m2/repository/cn/afterturn/easypoi-base/4.4.0/easypoi-base-4.4.0.jar:/Users/tianqiwei/.m2/repository/org/apache/poi/poi/4.1.1/poi-4.1.1.jar:/Users/tianqiwei/.m2/repository/commons-codec/commons-codec/1.15/commons-codec-1.15.jar:/Users/tianqiwei/.m2/repository/org/apache/commons/commons-collections4/4.4/commons-collections4-4.4.jar:/Users/tianqiwei/.m2/repository/org/apache/commons/commons-math3/3.6.1/commons-math3-3.6.1.jar:/Users/tianqiwei/.m2/repository/org/apache/poi/poi-ooxml/4.1.1/poi-ooxml-4.1.1.jar:/Users/tianqiwei/.m2/repository/org/apache/commons/commons-compress/1.19/commons-compress-1.19.jar:/Users/tianqiwei/.m2/repository/com/github/virtuald/curvesapi/1.06/curvesapi-1.06.jar:/Users/tianqiwei/.m2/repository/org/apache/poi/poi-ooxml-schemas/4.1.1/poi-ooxml-schemas-4.1.1.jar:/Users/tianqiwei/.m2/repository/org/apache/xmlbeans/xmlbeans/3.1.0/xmlbeans-3.1.0.jar:/Users/tianqiwei/.m2/repository/com/google/guava/guava/16.0.1/guava-16.0.1.jar:/Users/tianqiwei/.m2/repository/org/apache/commons/commons-lang3/3.12.0/commons-lang3-3.12.0.jar:/Users/tianqiwei/.m2/repository/ognl/ognl/3.2.6/ognl-3.2.6.jar:/Users/tianqiwei/.m2/repository/javax/validation/validation-api/2.0.1.Final/validation-api-2.0.1.Final.jar:/Users/tianqiwei/.m2/repository/cn/afterturn/easypoi-annotation/4.4.0/easypoi-annotation-4.4.0.jar:/Users/tianqiwei/.m2/repository/cn/afterturn/easypoi-wps/4.4.0/easypoi-wps-4.4.0.jar:/Users/tianqiwei/.m2/repository/cn/hutool/hutool-all/5.6.6/hutool-all-5.6.6.jar:/Users/tianqiwei/.m2/repository/org/springframework/boot/spring-boot-starter-amqp/2.5.0/spring-boot-starter-amqp-2.5.0.jar:/Users/tianqiwei/.m2/repository/org/springframework/spring-messaging/5.3.7/spring-messaging-5.3.7.jar:/Users/tianqiwei/.m2/repository/org/springframework/amqp/spring-rabbit/2.3.7/spring-rabbit-2.3.7.jar:/Users/tianqiwei/.m2/repository/org/springframework/amqp/spring-amqp/2.3.7/spring-amqp-2.3.7.jar:/Users/tianqiwei/.m2/repository/org/springframework/retry/spring-retry/1.3.1/spring-retry-1.3.1.jar:/Users/tianqiwei/.m2/repository/javax/annotation/javax.annotation-api/1.3.2/javax.annotation-api-1.3.2.jar:/Users/tianqiwei/.m2/repository/com/rabbitmq/amqp-client/5.12.0/amqp-client-5.12.0.jar:/Users/tianqiwei/.m2/repository/org/springframework/boot/spring-boot-starter-websocket/2.5.0/spring-boot-starter-websocket-2.5.0.jar:/Users/tianqiwei/.m2/repository/org/springframework/spring-websocket/5.3.7/spring-websocket-5.3.7.jar:/Users/tianqiwei/.m2/repository/javax/xml/bind/jaxb-api/2.3.1/jaxb-api-2.3.1.jar:/Users/tianqiwei/.m2/repository/javax/activation/javax.activation-api/1.2.0/javax.activation-api-1.2.0.jar:/Users/tianqiwei/.m2/repository/junit/junit/3.8.1/junit-3.8.1.jar:/Users/tianqiwei/.m2/repository/org/projectlombok/lombok/1.18.20/lombok-1.18.20.jar:"/>
    <property name="java.vm.vendor" value="Oracle Corporation"/>
    <property name="sun.arch.data.model" value="64"/>
    <property name="java.vendor.url" value="https://java.oracle.com/"/>
    <property name="os.name" value="Mac OS X"/>
    <property name="java.vm.specification.version" value="18"/>
    <property name="sun.java.launcher" value="SUN_STANDARD"/>
    <property name="user.country" value="CA"/>
    <property name="sun.boot.library.path" value="/Library/Java/JavaVirtualMachines/jdk-18.0.2.1.jdk/Contents/Home/lib"/>
    <property name="sun.java.command" value="/Users/tianqiwei/Downloads/yeb/yeb-server/target/surefire/surefirebooter1186209749191790238.jar /Users/tianqiwei/Downloads/yeb/yeb-server/target/surefire 2023-12-09T14-37-55_608-jvmRun1 surefire12998311612472011146tmp surefire_03690378968027734146tmp"/>
    <property name="http.nonProxyHosts" value="local|*.local|169.254/16|*.169.254/16"/>
    <property name="jdk.debug" value="release"/>
    <property name="surefire.test.class.path" value="/Users/tianqiwei/Downloads/yeb/yeb-server/target/test-classes:/Users/tianqiwei/Downloads/yeb/yeb-server/target/classes:/Users/tianqiwei/.m2/repository/org/springframework/boot/spring-boot-starter-web/2.5.0/spring-boot-starter-web-2.5.0.jar:/Users/tianqiwei/.m2/repository/org/springframework/boot/spring-boot-starter/2.5.0/spring-boot-starter-2.5.0.jar:/Users/tianqiwei/.m2/repository/org/springframework/boot/spring-boot/2.5.0/spring-boot-2.5.0.jar:/Users/tianqiwei/.m2/repository/org/springframework/boot/spring-boot-starter-logging/2.5.0/spring-boot-starter-logging-2.5.0.jar:/Users/tianqiwei/.m2/repository/ch/qos/logback/logback-classic/1.2.3/logback-classic-1.2.3.jar:/Users/tianqiwei/.m2/repository/ch/qos/logback/logback-core/1.2.3/logback-core-1.2.3.jar:/Users/tianqiwei/.m2/repository/org/apache/logging/log4j/log4j-to-slf4j/2.14.1/log4j-to-slf4j-2.14.1.jar:/Users/tianqiwei/.m2/repository/org/apache/logging/log4j/log4j-api/2.14.1/log4j-api-2.14.1.jar:/Users/tianqiwei/.m2/repository/org/slf4j/jul-to-slf4j/1.7.30/jul-to-slf4j-1.7.30.jar:/Users/tianqiwei/.m2/repository/jakarta/annotation/jakarta.annotation-api/1.3.5/jakarta.annotation-api-1.3.5.jar:/Users/tianqiwei/.m2/repository/org/springframework/spring-core/5.3.7/spring-core-5.3.7.jar:/Users/tianqiwei/.m2/repository/org/springframework/spring-jcl/5.3.7/spring-jcl-5.3.7.jar:/Users/tianqiwei/.m2/repository/org/yaml/snakeyaml/1.28/snakeyaml-1.28.jar:/Users/tianqiwei/.m2/repository/org/springframework/boot/spring-boot-starter-json/2.5.0/spring-boot-starter-json-2.5.0.jar:/Users/tianqiwei/.m2/repository/com/fasterxml/jackson/datatype/jackson-datatype-jdk8/2.12.3/jackson-datatype-jdk8-2.12.3.jar:/Users/tianqiwei/.m2/repository/com/fasterxml/jackson/datatype/jackson-datatype-jsr310/2.12.3/jackson-datatype-jsr310-2.12.3.jar:/Users/tianqiwei/.m2/repository/com/fasterxml/jackson/module/jackson-module-parameter-names/2.12.3/jackson-module-parameter-names-2.12.3.jar:/Users/tianqiwei/.m2/repository/org/springframework/boot/spring-boot-starter-tomcat/2.5.0/spring-boot-starter-tomcat-2.5.0.jar:/Users/tianqiwei/.m2/repository/org/apache/tomcat/embed/tomcat-embed-core/9.0.46/tomcat-embed-core-9.0.46.jar:/Users/tianqiwei/.m2/repository/org/apache/tomcat/embed/tomcat-embed-el/9.0.46/tomcat-embed-el-9.0.46.jar:/Users/tianqiwei/.m2/repository/org/apache/tomcat/embed/tomcat-embed-websocket/9.0.46/tomcat-embed-websocket-9.0.46.jar:/Users/tianqiwei/.m2/repository/org/springframework/spring-web/5.3.7/spring-web-5.3.7.jar:/Users/tianqiwei/.m2/repository/org/springframework/spring-beans/5.3.7/spring-beans-5.3.7.jar:/Users/tianqiwei/.m2/repository/org/springframework/spring-webmvc/5.3.7/spring-webmvc-5.3.7.jar:/Users/tianqiwei/.m2/repository/org/springframework/spring-context/5.3.7/spring-context-5.3.7.jar:/Users/tianqiwei/.m2/repository/org/springframework/spring-expression/5.3.7/spring-expression-5.3.7.jar:/Users/tianqiwei/.m2/repository/com/mysql/mysql-connector-j/8.0.33/mysql-connector-j-8.0.33.jar:/Users/tianqiwei/.m2/repository/com/baomidou/mybatis-plus-boot-starter/3.4.2/mybatis-plus-boot-starter-3.4.2.jar:/Users/tianqiwei/.m2/repository/com/baomidou/mybatis-plus/3.4.2/mybatis-plus-3.4.2.jar:/Users/tianqiwei/.m2/repository/com/baomidou/mybatis-plus-extension/3.4.2/mybatis-plus-extension-3.4.2.jar:/Users/tianqiwei/.m2/repository/com/baomidou/mybatis-plus-core/3.4.2/mybatis-plus-core-3.4.2.jar:/Users/tianqiwei/.m2/repository/com/baomidou/mybatis-plus-annotation/3.4.2/mybatis-plus-annotation-3.4.2.jar:/Users/tianqiwei/.m2/repository/com/github/jsqlparser/jsqlparser/4.0/jsqlparser-4.0.jar:/Users/tianqiwei/.m2/repository/org/mybatis/mybatis/3.5.6/mybatis-3.5.6.jar:/Users/tianqiwei/.m2/repository/org/mybatis/mybatis-spring/2.0.5/mybatis-spring-2.0.5.jar:/Users/tianqiwei/.m2/repository/org/springframework/boot/spring-boot-autoconfigure/2.5.0/spring-boot-autoconfigure-2.5.0.jar:/Users/tianqiwei/.m2/repository/org/springframework/boot/spring-boot-starter-jdbc/2.5.0/spring-boot-starter-jdbc-2.5.0.jar:/Users/tianqiwei/.m2/repository/com/zaxxer/HikariCP/4.0.3/HikariCP-4.0.3.jar:/Users/tianqiwei/.m2/repository/org/springframework/spring-jdbc/5.3.7/spring-jdbc-5.3.7.jar:/Users/tianqiwei/.m2/repository/io/springfox/springfox-swagger2/3.0.0/springfox-swagger2-3.0.0.jar:/Users/tianqiwei/.m2/repository/io/springfox/springfox-spi/3.0.0/springfox-spi-3.0.0.jar:/Users/tianqiwei/.m2/repository/io/springfox/springfox-core/3.0.0/springfox-core-3.0.0.jar:/Users/tianqiwei/.m2/repository/net/bytebuddy/byte-buddy/1.10.22/byte-buddy-1.10.22.jar:/Users/tianqiwei/.m2/repository/io/springfox/springfox-schema/3.0.0/springfox-schema-3.0.0.jar:/Users/tianqiwei/.m2/repository/io/springfox/springfox-swagger-common/3.0.0/springfox-swagger-common-3.0.0.jar:/Users/tianqiwei/.m2/repository/io/swagger/core/v3/swagger-annotations/2.1.2/swagger-annotations-2.1.2.jar:/Users/tianqiwei/.m2/repository/io/springfox/springfox-spring-web/3.0.0/springfox-spring-web-3.0.0.jar:/Users/tianqiwei/.m2/repository/io/github/classgraph/classgraph/4.8.83/classgraph-4.8.83.jar:/Users/tianqiwei/.m2/repository/io/springfox/springfox-spring-webmvc/3.0.0/springfox-spring-webmvc-3.0.0.jar:/Users/tianqiwei/.m2/repository/io/springfox/springfox-spring-webflux/3.0.0/springfox-spring-webflux-3.0.0.jar:/Users/tianqiwei/.m2/repository/com/fasterxml/classmate/1.5.1/classmate-1.5.1.jar:/Users/tianqiwei/.m2/repository/org/slf4j/slf4j-api/1.7.30/slf4j-api-1.7.30.jar:/Users/tianqiwei/.m2/repository/org/springframework/plugin/spring-plugin-core/2.0.0.RELEASE/spring-plugin-core-2.0.0.RELEASE.jar:/Users/tianqiwei/.m2/repository/org/springframework/plugin/spring-plugin-metadata/2.0.0.RELEASE/spring-plugin-metadata-2.0.0.RELEASE.jar:/Users/tianqiwei/.m2/repository/io/swagger/swagger-annotations/1.5.20/swagger-annotations-1.5.20.jar:/Users/tianqiwei/.m2/repository/io/swagger/swagger-models/1.5.20/swagger-models-1.5.20.jar:/Users/tianqiwei/.m2/repository/com/fasterxml/jackson/core/jackson-annotations/2.12.3/jackson-annotations-2.12.3.jar:/Users/tianqiwei/.m2/repository/org/mapstruct/mapstruct/1.3.1.Final/mapstruct-1.3.1.Final.jar:/Users/tianqiwei/.m2/repository/io/springfox/springfox-boot-starter/3.0.0/springfox-boot-starter-3.0.0.jar:/Users/tianqiwei/.m2/repository/io/springfox/springfox-oas/3.0.0/springfox-oas-3.0.0.jar:/Users/tianqiwei/.m2/repository/io/swagger/core/v3/swagger-models/2.1.2/swagger-models-2.1.2.jar:/Users/tianqiwei/.m2/repository/io/springfox/springfox-data-rest/3.0.0/springfox-data-rest-3.0.0.jar:/Users/tianqiwei/.m2/repository/io/springfox/springfox-bean-validators/3.0.0/springfox-bean-validators-3.0.0.jar:/Users/tianqiwei/.m2/repository/io/springfox/springfox-swagger-ui/3.0.0/springfox-swagger-ui-3.0.0.jar:/Users/tianqiwei/.m2/repository/com/github/xiaoymin/swagger-bootstrap-ui/1.9.6/swagger-bootstrap-ui-1.9.6.jar:/Users/tianqiwei/.m2/repository/org/javassist/javassist/3.25.0-GA/javassist-3.25.0-GA.jar:/Users/tianqiwei/.m2/repository/org/springframework/boot/spring-boot-starter-security/2.5.0/spring-boot-starter-security-2.5.0.jar:/Users/tianqiwei/.m2/repository/org/springframework/spring-aop/5.3.7/spring-aop-5.3.7.jar:/Users/tianqiwei/.m2/repository/org/springframework/security/spring-security-config/5.5.0/spring-security-config-5.5.0.jar:/Users/tianqiwei/.m2/repository/org/springframework/security/spring-security-core/5.5.0/spring-security-core-5.5.0.jar:/Users/tianqiwei/.m2/repository/org/jetbrains/kotlin/kotlin-stdlib-jdk8/1.5.0/kotlin-stdlib-jdk8-1.5.0.jar:/Users/tianqiwei/.m2/repository/org/jetbrains/kotlin/kotlin-stdlib/1.5.0/kotlin-stdlib-1.5.0.jar:/Users/tianqiwei/.m2/repository/org/jetbrains/annotations/13.0/annotations-13.0.jar:/Users/tianqiwei/.m2/repository/org/jetbrains/kotlin/kotlin-stdlib-common/1.5.0/kotlin-stdlib-common-1.5.0.jar:/Users/tianqiwei/.m2/repository/org/jetbrains/kotlin/kotlin-stdlib-jdk7/1.5.0/kotlin-stdlib-jdk7-1.5.0.jar:/Users/tianqiwei/.m2/repository/org/springframework/security/spring-security-web/5.5.0/spring-security-web-5.5.0.jar:/Users/tianqiwei/.m2/repository/io/jsonwebtoken/jjwt/0.9.0/jjwt-0.9.0.jar:/Users/tianqiwei/.m2/repository/com/fasterxml/jackson/core/jackson-databind/2.12.3/jackson-databind-2.12.3.jar:/Users/tianqiwei/.m2/repository/com/fasterxml/jackson/core/jackson-core/2.12.3/jackson-core-2.12.3.jar:/Users/tianqiwei/.m2/repository/com/github/axet/kaptcha/0.0.9/kaptcha-0.0.9.jar:/Users/tianqiwei/.m2/repository/com/jhlabs/filters/2.0.235/filters-2.0.235.jar:/Users/tianqiwei/.m2/repository/org/springframework/boot/spring-boot-starter-data-redis/2.5.0/spring-boot-starter-data-redis-2.5.0.jar:/Users/tianqiwei/.m2/repository/org/springframework/data/spring-data-redis/2.5.1/spring-data-redis-2.5.1.jar:/Users/tianqiwei/.m2/repository/org/springframework/data/spring-data-keyvalue/2.5.1/spring-data-keyvalue-2.5.1.jar:/Users/tianqiwei/.m2/repository/org/springframework/data/spring-data-commons/2.5.1/spring-data-commons-2.5.1.jar:/Users/tianqiwei/.m2/repository/org/springframework/spring-tx/5.3.7/spring-tx-5.3.7.jar:/Users/tianqiwei/.m2/repository/org/springframework/spring-oxm/5.3.7/spring-oxm-5.3.7.jar:/Users/tianqiwei/.m2/repository/org/springframework/spring-context-support/5.3.7/spring-context-support-5.3.7.jar:/Users/tianqiwei/.m2/repository/io/lettuce/lettuce-core/6.1.2.RELEASE/lettuce-core-6.1.2.RELEASE.jar:/Users/tianqiwei/.m2/repository/io/netty/netty-common/4.1.65.Final/netty-common-4.1.65.Final.jar:/Users/tianqiwei/.m2/repository/io/netty/netty-handler/4.1.65.Final/netty-handler-4.1.65.Final.jar:/Users/tianqiwei/.m2/repository/io/netty/netty-resolver/4.1.65.Final/netty-resolver-4.1.65.Final.jar:/Users/tianqiwei/.m2/repository/io/netty/netty-buffer/4.1.65.Final/netty-buffer-4.1.65.Final.jar:/Users/tianqiwei/.m2/repository/io/netty/netty-codec/4.1.65.Final/netty-codec-4.1.65.Final.jar:/Users/tianqiwei/.m2/repository/io/netty/netty-transport/4.1.65.Final/netty-transport-4.1.65.Final.jar:/Users/tianqiwei/.m2/repository/io/projectreactor/reactor-core/3.4.6/reactor-core-3.4.6.jar:/Users/tianqiwei/.m2/repository/org/reactivestreams/reactive-streams/1.0.3/reactive-streams-1.0.3.jar:/Users/tianqiwei/.m2/repository/org/apache/commons/commons-pool2/2.9.0/commons-pool2-2.9.0.jar:/Users/tianqiwei/.m2/repository/cn/afterturn/easypoi-spring-boot-starter/4.4.0/easypoi-spring-boot-starter-4.4.0.jar:/Users/tianqiwei/.m2/repository/cn/afterturn/easypoi-web/4.4.0/easypoi-web-4.4.0.jar:/Users/tianqiwei/.m2/repository/cn/afterturn/easypoi-base/4.4.0/easypoi-base-4.4.0.jar:/Users/tianqiwei/.m2/repository/org/apache/poi/poi/4.1.1/poi-4.1.1.jar:/Users/tianqiwei/.m2/repository/commons-codec/commons-codec/1.15/commons-codec-1.15.jar:/Users/tianqiwei/.m2/repository/org/apache/commons/commons-collections4/4.4/commons-collections4-4.4.jar:/Users/tianqiwei/.m2/repository/org/apache/commons/commons-math3/3.6.1/commons-math3-3.6.1.jar:/Users/tianqiwei/.m2/repository/org/apache/poi/poi-ooxml/4.1.1/poi-ooxml-4.1.1.jar:/Users/tianqiwei/.m2/repository/org/apache/commons/commons-compress/1.19/commons-compress-1.19.jar:/Users/tianqiwei/.m2/repository/com/github/virtuald/curvesapi/1.06/curvesapi-1.06.jar:/Users/tianqiwei/.m2/repository/org/apache/poi/poi-ooxml-schemas/4.1.1/poi-ooxml-schemas-4.1.1.jar:/Users/tianqiwei/.m2/repository/org/apache/xmlbeans/xmlbeans/3.1.0/xmlbeans-3.1.0.jar:/Users/tianqiwei/.m2/repository/com/google/guava/guava/16.0.1/guava-16.0.1.jar:/Users/tianqiwei/.m2/repository/org/apache/commons/commons-lang3/3.12.0/commons-lang3-3.12.0.jar:/Users/tianqiwei/.m2/repository/ognl/ognl/3.2.6/ognl-3.2.6.jar:/Users/tianqiwei/.m2/repository/javax/validation/validation-api/2.0.1.Final/validation-api-2.0.1.Final.jar:/Users/tianqiwei/.m2/repository/cn/afterturn/easypoi-annotation/4.4.0/easypoi-annotation-4.4.0.jar:/Users/tianqiwei/.m2/repository/cn/afterturn/easypoi-wps/4.4.0/easypoi-wps-4.4.0.jar:/Users/tianqiwei/.m2/repository/cn/hutool/hutool-all/5.6.6/hutool-all-5.6.6.jar:/Users/tianqiwei/.m2/repository/org/springframework/boot/spring-boot-starter-amqp/2.5.0/spring-boot-starter-amqp-2.5.0.jar:/Users/tianqiwei/.m2/repository/org/springframework/spring-messaging/5.3.7/spring-messaging-5.3.7.jar:/Users/tianqiwei/.m2/repository/org/springframework/amqp/spring-rabbit/2.3.7/spring-rabbit-2.3.7.jar:/Users/tianqiwei/.m2/repository/org/springframework/amqp/spring-amqp/2.3.7/spring-amqp-2.3.7.jar:/Users/tianqiwei/.m2/repository/org/springframework/retry/spring-retry/1.3.1/spring-retry-1.3.1.jar:/Users/tianqiwei/.m2/repository/javax/annotation/javax.annotation-api/1.3.2/javax.annotation-api-1.3.2.jar:/Users/tianqiwei/.m2/repository/com/rabbitmq/amqp-client/5.12.0/amqp-client-5.12.0.jar:/Users/tianqiwei/.m2/repository/org/springframework/boot/spring-boot-starter-websocket/2.5.0/spring-boot-starter-websocket-2.5.0.jar:/Users/tianqiwei/.m2/repository/org/springframework/spring-websocket/5.3.7/spring-websocket-5.3.7.jar:/Users/tianqiwei/.m2/repository/javax/xml/bind/jaxb-api/2.3.1/jaxb-api-2.3.1.jar:/Users/tianqiwei/.m2/repository/javax/activation/javax.activation-api/1.2.0/javax.activation-api-1.2.0.jar:/Users/tianqiwei/.m2/repository/junit/junit/3.8.1/junit-3.8.1.jar:/Users/tianqiwei/.m2/repository/org/projectlombok/lombok/1.18.20/lombok-1.18.20.jar:"/>
    <property name="sun.cpu.endian" value="little"/>
    <property name="user.home" value="/Users/tianqiwei"/>
    <property name="user.language" value="en"/>
    <property name="java.specification.vendor" value="Oracle Corporation"/>
    <property name="java.version.date" value="2022-08-18"/>
    <property name="java.home" value="/Library/Java/JavaVirtualMachines/jdk-18.0.2.1.jdk/Contents/Home"/>
    <property name="file.separator" value="/"/>
    <property name="basedir" value="/Users/tianqiwei/Downloads/yeb/yeb-server"/>
    <property name="java.vm.compressedOopsMode" value="Zero based"/>
    <property name="line.separator" value="&#10;"/>
    <property name="java.specification.name" value="Java Platform API Specification"/>
    <property name="java.vm.specification.vendor" value="Oracle Corporation"/>
    <property name="apple.awt.application.name" value="ForkedBooter"/>
    <property name="surefire.real.class.path" value="/Users/tianqiwei/Downloads/yeb/yeb-server/target/surefire/surefirebooter1186209749191790238.jar"/>
    <property name="sun.management.compiler" value="HotSpot 64-Bit Tiered Compilers"/>
    <property name="ftp.nonProxyHosts" value="local|*.local|169.254/16|*.169.254/16"/>
    <property name="java.runtime.version" value="18.0.2.1+1-1"/>
    <property name="user.name" value="tianqiwei"/>
    <property name="path.separator" value=":"/>
    <property name="os.version" value="12.1"/>
    <property name="java.runtime.name" value="Java(TM) SE Runtime Environment"/>
    <property name="file.encoding" value="UTF-8"/>
    <property name="java.vm.name" value="Java HotSpot(TM) 64-Bit Server VM"/>
    <property name="localRepository" value="/Users/tianqiwei/.m2/repository"/>
    <property name="java.vendor.url.bug" value="https://bugreport.java.com/bugreport/"/>
    <property name="java.io.tmpdir" value="/var/folders/rv/xvlwd75s5753scn5zvg9lp1h0000gn/T/"/>
    <property name="java.version" value="18.0.2.1"/>
    <property name="user.dir" value="/Users/tianqiwei/Downloads/yeb/yeb-server"/>
    <property name="os.arch" value="aarch64"/>
    <property name="java.vm.specification.name" value="Java Virtual Machine Specification"/>
    <property name="native.encoding" value="UTF-8"/>
    <property name="java.library.path" value="/Users/tianqiwei/Library/Java/Extensions:/Library/Java/Extensions:/Network/Library/Java/Extensions:/System/Library/Java/Extensions:/usr/lib/java:."/>
    <property name="java.vm.info" value="mixed mode, sharing"/>
    <property name="java.vendor" value="Oracle Corporation"/>
    <property name="java.vm.version" value="18.0.2.1+1-1"/>
    <property name="sun.io.unicode.encoding" value="UnicodeBig"/>
    <property name="socksNonProxyHosts" value="local|*.local|169.254/16|*.169.254/16"/>
    <property name="java.class.version" value="62.0"/>
  </properties>
  <testcase name="testApp" classname="com.wesley.AppTest" time="0"/>
</testsuite>